\BOOKMARK [1][-]{section.1}{\376\377\000I\000n\000t\000r\000o\000d\000u\000c\000t\000i\000o\000n}{}% 1
\BOOKMARK [1][-]{section.2}{\376\377\000T\000h\000e\000o\000r\000y\000\040\000a\000n\000d\000\040\000m\000e\000t\000h\000o\000d\000s}{}% 2
\BOOKMARK [2][-]{subsection.2.1}{\376\377\000T\000h\000e\000\040\000u\000n\000i\000v\000e\000r\000s\000a\000l\000\040\000a\000p\000p\000r\000o\000x\000i\000m\000a\000t\000i\000o\000n\000\040\000t\000h\000e\000o\000r\000e\000m}{section.2}% 3
\BOOKMARK [2][-]{subsection.2.2}{\376\377\000S\000t\000r\000u\000c\000t\000u\000r\000e\000\040\000o\000f\000\040\000a\000\040\000N\000e\000u\000r\000a\000l\000\040\000N\000e\000t\000w\000o\000r\000k}{section.2}% 4
\BOOKMARK [3][-]{subsubsection.2.2.1}{\376\377\000T\000h\000e\000\040\000F\000e\000e\000d\000-\000f\000o\000r\000w\000a\000r\000d\000\040\000a\000l\000g\000o\000r\000i\000t\000h\000m}{subsection.2.2}% 5
\BOOKMARK [3][-]{subsubsection.2.2.2}{\376\377\000T\000h\000e\000\040\000B\000a\000c\000k\000p\000r\000o\000p\000a\000g\000a\000t\000i\000o\000n\000\040\000a\000l\000g\000o\000r\000i\000t\000h\000m}{subsection.2.2}% 6
\BOOKMARK [3][-]{subsubsection.2.2.3}{\376\377\000T\000r\000a\000i\000n\000i\000n\000g\000\040\000t\000h\000e\000\040\000N\000e\000u\000r\000a\000l\000\040\000N\000e\000t\000w\000o\000r\000k}{subsection.2.2}% 7
\BOOKMARK [2][-]{subsection.2.3}{\376\377\000A\000c\000t\000i\000v\000a\000t\000i\000o\000n\000\040\000f\000u\000n\000c\000t\000i\000o\000n\000s}{section.2}% 8
\BOOKMARK [3][-]{subsubsection.2.3.1}{\376\377\000A\000c\000t\000i\000v\000a\000t\000i\000o\000n\000\040\000f\000u\000n\000c\000t\000i\000o\000n\000s\000\040\000a\000n\000d\000\040\000n\000u\000m\000e\000r\000i\000c\000a\000l\000\040\000i\000n\000s\000t\000a\000b\000i\000l\000i\000t\000i\000e\000s}{subsection.2.3}% 9
\BOOKMARK [3][-]{subsubsection.2.3.2}{\376\377\000E\000m\000p\000l\000o\000y\000e\000d\000\040\000a\000c\000t\000i\000v\000a\000t\000i\000o\000n\000\040\000f\000u\000n\000c\000t\000i\000o\000n\000s}{subsection.2.3}% 10
\BOOKMARK [2][-]{subsection.2.4}{\376\377\000C\000o\000s\000t\000\040\000f\000u\000n\000c\000t\000i\000o\000n\000s}{section.2}% 11
\BOOKMARK [2][-]{subsection.2.5}{\376\377\000C\000l\000a\000s\000s\000i\000f\000i\000c\000a\000t\000i\000o\000n}{section.2}% 12
\BOOKMARK [2][-]{subsection.2.6}{\376\377\000S\000e\000t\000\040\000u\000p\000\040\000o\000f\000\040\000t\000h\000e\000\040\000c\000o\000d\000e}{section.2}% 13
\BOOKMARK [3][-]{subsubsection.2.6.1}{\376\377\000I\000m\000p\000l\000e\000m\000e\000n\000t\000a\000t\000i\000o\000n}{subsection.2.6}% 14
\BOOKMARK [3][-]{subsubsection.2.6.2}{\376\377\000T\000e\000s\000t\000i\000n\000g}{subsection.2.6}% 15
\BOOKMARK [1][-]{section.3}{\376\377\000R\000e\000s\000u\000l\000t\000s}{}% 16
\BOOKMARK [2][-]{subsection.3.1}{\376\377\000C\000o\000m\000p\000a\000r\000i\000s\000o\000n\000\040\000w\000i\000t\000h\000\040\000l\000i\000n\000e\000a\000r\000\040\000O\000L\000S\000\040\000r\000e\000g\000r\000e\000s\000s\000i\000o\000n}{section.3}% 17
\BOOKMARK [2][-]{subsection.3.2}{\376\377\000T\000e\000s\000t\000i\000n\000g\000\040\000o\000f\000\040\000d\000i\000f\000f\000e\000r\000e\000n\000t\000\040\000S\000t\000o\000c\000h\000a\000s\000t\000i\000c\000\040\000G\000r\000a\000d\000i\000e\000n\000t\000\040\000D\000e\000s\000c\000e\000n\000t\000\040\000s\000o\000l\000v\000e\000r\000s}{section.3}% 18
\BOOKMARK [2][-]{subsection.3.3}{\376\377\000C\000u\000s\000t\000o\000m\000\040\000N\000N\000\040\000a\000n\000d\000\040\000e\000x\000t\000e\000r\000n\000a\000l\000\040\000l\000i\000b\000r\000a\000r\000i\000e\000s}{section.3}% 19
\BOOKMARK [2][-]{subsection.3.4}{\376\377\000A\000d\000d\000i\000n\000g\000\040\000L\0001\000\040\000a\000n\000d\000\040\000L\0002\000\040\000r\000e\000g\000u\000l\000a\000r\000i\000z\000a\000t\000i\000o\000n\000s}{section.3}% 20
\BOOKMARK [2][-]{subsection.3.5}{\376\377\000C\000l\000a\000s\000s\000i\000f\000i\000c\000a\000t\000i\000o\000n\000\040\000o\000f\000\040\000M\000N\000I\000S\000T\000\040\000d\000a\000t\000a}{section.3}% 21
\BOOKMARK [1][-]{section.4}{\376\377\000D\000i\000s\000c\000u\000s\000s\000i\000o\000n\000\040\000a\000n\000d\000\040\000c\000o\000n\000c\000l\000u\000s\000i\000o\000n\000s}{}% 22
\BOOKMARK [1][-]{figure.caption.12}{\376\377\000R\000e\000f\000e\000r\000e\000n\000c\000e\000s}{}% 23
